[debug] [2024-11-19T13:36:15.634Z] ----------------------------------------------------------------------
[debug] [2024-11-19T13:36:15.643Z] Command:       C:\Program Files\nodejs\node.exe C:\Users\USER\AppData\Roaming\npm\node_modules\firebase-tools\lib\bin\firebase.js emulators:start --only functions
[debug] [2024-11-19T13:36:15.644Z] CLI Version:   13.25.0
[debug] [2024-11-19T13:36:15.644Z] Platform:      win32
[debug] [2024-11-19T13:36:15.645Z] Node Version:  v20.18.0
[debug] [2024-11-19T13:36:15.645Z] Time:          Tue Nov 19 2024 05:36:15 GMT-0800 (Pacific Standard Time)
[debug] [2024-11-19T13:36:15.646Z] ----------------------------------------------------------------------
[debug] 
[debug] [2024-11-19T13:36:15.656Z] >>> [apiv2][query] GET https://firebase-public.firebaseio.com/cli.json [none]
[debug] [2024-11-19T13:36:15.936Z] > command requires scopes: ["email","openid","https://www.googleapis.com/auth/cloudplatformprojects.readonly","https://www.googleapis.com/auth/firebase","https://www.googleapis.com/auth/cloud-platform"]
[debug] [2024-11-19T13:36:15.937Z] > authorizing via signed-in user (mymachines0@gmail.com)
[info] i  emulators: Starting emulators: functions {"metadata":{"emulator":{"name":"hub"},"message":"Starting emulators: functions"}}
[debug] [2024-11-19T13:36:15.964Z] [logging] Logging Emulator only supports listening on one address (127.0.0.1). Not listening on ::1
[debug] [2024-11-19T13:36:15.965Z] assigned listening specs for emulators {"user":{"hub":[{"address":"127.0.0.1","family":"IPv4","port":4400},{"address":"::1","family":"IPv6","port":4400}],"ui":[{"address":"127.0.0.1","family":"IPv4","port":4000},{"address":"::1","family":"IPv6","port":4000}],"logging":[{"address":"127.0.0.1","family":"IPv4","port":4500}]},"metadata":{"message":"assigned listening specs for emulators"}}
[warn] !  emulators: It seems that you are running multiple instances of the emulator suite for project ae-clone-6be8c. This may result in unexpected behavior. 
[debug] [2024-11-19T13:36:15.989Z] [hub] writing locator at C:\Users\USER\AppData\Local\Temp\hub-ae-clone-6be8c.json
[debug] [2024-11-19T13:36:16.064Z] [functions] Functions Emulator only supports listening on one address (127.0.0.1). Not listening on ::1
[debug] [2024-11-19T13:36:16.064Z] [eventarc] Eventarc Emulator only supports listening on one address (127.0.0.1). Not listening on ::1
[debug] [2024-11-19T13:36:16.064Z] [tasks] Cloud Tasks Emulator only supports listening on one address (127.0.0.1). Not listening on ::1
[debug] [2024-11-19T13:36:16.065Z] late-assigned ports for functions and eventarc emulators {"user":{"hub":[{"address":"127.0.0.1","family":"IPv4","port":4400},{"address":"::1","family":"IPv6","port":4400}],"ui":[{"address":"127.0.0.1","family":"IPv4","port":4000},{"address":"::1","family":"IPv6","port":4000}],"logging":[{"address":"127.0.0.1","family":"IPv4","port":4500}],"functions":[{"address":"127.0.0.1","family":"IPv4","port":5001}],"eventarc":[{"address":"127.0.0.1","family":"IPv4","port":9299}],"tasks":[{"address":"127.0.0.1","family":"IPv4","port":9499}]},"metadata":{"message":"late-assigned ports for functions and eventarc emulators"}}
[warn] !  functions: The following emulators are not running, calls to these services from the Functions emulator will affect production: auth, firestore, database, hosting, pubsub, storage, dataconnect {"metadata":{"emulator":{"name":"functions"},"message":"The following emulators are not running, calls to these services from the Functions emulator will affect production: \u001b[1mauth, firestore, database, hosting, pubsub, storage, dataconnect\u001b[22m"}}
[debug] [2024-11-19T13:36:16.075Z] defaultcredentials: writing to file C:\Users\USER\AppData\Roaming\firebase\mymachines0_gmail_com_application_default_credentials.json
[debug] [2024-11-19T13:36:16.087Z] Setting GAC to C:\Users\USER\AppData\Roaming\firebase\mymachines0_gmail_com_application_default_credentials.json {"metadata":{"emulator":{"name":"functions"},"message":"Setting GAC to C:\\Users\\USER\\AppData\\Roaming\\firebase\\mymachines0_gmail_com_application_default_credentials.json"}}
[debug] [2024-11-19T13:36:16.089Z] Checked if tokens are valid: false, expires at: 1731678276312
[debug] [2024-11-19T13:36:16.089Z] Checked if tokens are valid: false, expires at: 1731678276312
[debug] [2024-11-19T13:36:16.090Z] > refreshing access token with scopes: []
[debug] [2024-11-19T13:36:16.095Z] >>> [apiv2][query] POST https://www.googleapis.com/oauth2/v3/token [none]
[debug] [2024-11-19T13:36:16.096Z] >>> [apiv2][body] POST https://www.googleapis.com/oauth2/v3/token [omitted]
[debug] [2024-11-19T13:36:16.685Z] <<< [apiv2][status] GET https://firebase-public.firebaseio.com/cli.json 200
[debug] [2024-11-19T13:36:16.686Z] <<< [apiv2][body] GET https://firebase-public.firebaseio.com/cli.json {"cloudBuildErrorAfter":1594252800000,"cloudBuildWarnAfter":1590019200000,"defaultNode10After":1594252800000,"minVersion":"3.0.5","node8DeploysDisabledAfter":1613390400000,"node8RuntimeDisabledAfter":1615809600000,"node8WarnAfter":1600128000000}
[debug] [2024-11-19T13:36:16.738Z] <<< [apiv2][status] POST https://www.googleapis.com/oauth2/v3/token 200
[debug] [2024-11-19T13:36:16.739Z] <<< [apiv2][body] POST https://www.googleapis.com/oauth2/v3/token [omitted]
[debug] [2024-11-19T13:36:16.772Z] >>> [apiv2][query] GET https://firebase.googleapis.com/v1beta1/projects/ae-clone-6be8c/adminSdkConfig [none]
[debug] [2024-11-19T13:36:17.574Z] <<< [apiv2][status] GET https://firebase.googleapis.com/v1beta1/projects/ae-clone-6be8c/adminSdkConfig 200
[debug] [2024-11-19T13:36:17.574Z] <<< [apiv2][body] GET https://firebase.googleapis.com/v1beta1/projects/ae-clone-6be8c/adminSdkConfig {"projectId":"ae-clone-6be8c","storageBucket":"ae-clone-6be8c.firebasestorage.app"}
[debug] [2024-11-19T13:36:17.614Z] Ignoring unsupported arg: auto_download {"metadata":{"emulator":{"name":"ui"},"message":"Ignoring unsupported arg: auto_download"}}
[debug] [2024-11-19T13:36:17.614Z] Ignoring unsupported arg: port {"metadata":{"emulator":{"name":"ui"},"message":"Ignoring unsupported arg: port"}}
[debug] [2024-11-19T13:36:17.614Z] Starting Emulator UI with command {"binary":"node","args":["C:\\Users\\USER\\.cache\\firebase\\emulators\\ui-v1.14.0\\server\\server.mjs"],"optionalArgs":[],"joinArgs":false,"shell":false,"port":4000} {"metadata":{"emulator":{"name":"ui"},"message":"Starting Emulator UI with command {\"binary\":\"node\",\"args\":[\"C:\\\\Users\\\\USER\\\\.cache\\\\firebase\\\\emulators\\\\ui-v1.14.0\\\\server\\\\server.mjs\"],\"optionalArgs\":[],\"joinArgs\":false,\"shell\":false,\"port\":4000}"}}
[info] i  ui: Emulator UI logging to ui-debug.log {"metadata":{"emulator":{"name":"ui"},"message":"Emulator UI logging to \u001b[1mui-debug.log\u001b[22m"}}
[debug] [2024-11-19T13:36:18.186Z] Web / API server started at 127.0.0.1:4000
 {"metadata":{"emulator":{"name":"ui"},"message":"Web / API server started at 127.0.0.1:4000\n"}}
[debug] [2024-11-19T13:36:18.187Z] Web / API server started at ::1:4000
 {"metadata":{"emulator":{"name":"ui"},"message":"Web / API server started at ::1:4000\n"}}
[info] i  functions: Watching "C:\Users\USER\Documents\Amazone Projects\Amazone-clone\amzone-clone\functions" for Cloud Functions... {"metadata":{"emulator":{"name":"functions"},"message":"Watching \"C:\\Users\\USER\\Documents\\Amazone Projects\\Amazone-clone\\amzone-clone\\functions\" for Cloud Functions..."}}
[debug] [2024-11-19T13:36:18.337Z] Validating nodejs source
[debug] [2024-11-19T13:36:21.616Z] > [functions] package.json contents: {
  "name": "functions",
  "description": "Cloud Functions for Firebase",
  "scripts": {
    "serve": "firebase emulators:start --only functions",
    "shell": "firebase functions:shell",
    "start": "npm run shell",
    "deploy": "firebase deploy --only functions",
    "logs": "firebase functions:log"
  },
  "engines": {
    "node": "18"
  },
  "main": "index.js",
  "dependencies": {
    "cors": "^2.8.5",
    "dotenv": "^16.4.5",
    "express": "^4.21.1",
    "firebase-admin": "^12.6.0",
    "firebase-functions": "^6.0.1",
    "stripe": "^17.3.1"
  },
  "devDependencies": {
    "firebase-functions-test": "^3.1.0"
  },
  "private": true
}
[debug] [2024-11-19T13:36:21.616Z] Building nodejs source
[debug] [2024-11-19T13:36:21.617Z] Failed to find version of module node: reached end of search path C:\Users\USER\Documents\Amazone Projects\Amazone-clone\amzone-clone\functions\node_modules
[warn] !  functions: Your requested "node" version "18" doesn't match your global version "20". Using node@20 from host. 
[info] i  functions: Loaded environment variables from .env. 
[debug] [2024-11-19T13:36:21.628Z] Could not find functions.yaml. Must use http discovery
[debug] [2024-11-19T13:36:21.649Z] Found firebase-functions binary at 'C:\Users\USER\Documents\Amazone Projects\Amazone-clone\amzone-clone\functions\node_modules\.bin\firebase-functions'
[info] Serving at port 8757

[debug] [2024-11-19T13:36:24.114Z] Got response from /__/functions.yaml {"endpoints":{"api":{"availableMemoryMb":null,"timeoutSeconds":null,"minInstances":null,"maxInstances":null,"ingressSettings":null,"concurrency":null,"serviceAccountEmail":null,"vpc":null,"platform":"gcfv2","labels":{},"httpsTrigger":{},"entryPoint":"api"}},"specVersion":"v1alpha1","requiredAPIs":[],"extensions":{}}
[info] +  functions: Loaded functions definitions from source: api. {"metadata":{"emulator":{"name":"functions"},"message":"Loaded functions definitions from source: api."}}
[info] +  functions[us-central1-api]: http function initialized (http://127.0.0.1:5001/ae-clone-6be8c/us-central1/api). {"metadata":{"emulator":{"name":"functions"},"message":"\u001b[1mhttp\u001b[22m function initialized (http://127.0.0.1:5001/ae-clone-6be8c/us-central1/api)."}}
[debug] [2024-11-19T13:36:28.232Z] Could not find VSCode notification endpoint: FetchError: request to http://localhost:40001/vscode/notify failed, reason: . If you are not running the Firebase Data Connect VSCode extension, this is expected and not an issue.
[info] 
┌─────────────────────────────────────────────────────────────┐
│ ✔  All emulators ready! It is now safe to connect your app. │
│ i  View Emulator UI at http://127.0.0.1:4000/               │
└─────────────────────────────────────────────────────────────┘

┌───────────┬────────────────┬─────────────────────────────────┐
│ Emulator  │ Host:Port      │ View in Emulator UI             │
├───────────┼────────────────┼─────────────────────────────────┤
│ Functions │ 127.0.0.1:5001 │ http://127.0.0.1:4000/functions │
└───────────┴────────────────┴─────────────────────────────────┘
  Emulator Hub running at 127.0.0.1:4400
  Other reserved ports: 4500

Issues? Report them at https://github.com/firebase/firebase-tools/issues and attach the *-debug.log files.
 
[debug] [2024-11-19T13:37:33.195Z] [work-queue] {"queuedWork":["/ae-clone-6be8c/us-central1/api/payment/create-2024-11-19T13:37:33.194Z"],"queueLength":1,"runningWork":[],"workRunningCount":0}
[debug] [2024-11-19T13:37:33.195Z] [work-queue] {"queuedWork":[],"queueLength":0,"runningWork":["/ae-clone-6be8c/us-central1/api/payment/create-2024-11-19T13:37:33.194Z"],"workRunningCount":1}
[debug] [2024-11-19T13:37:33.196Z] Accepted request POST /ae-clone-6be8c/us-central1/api/payment/create?total=17300 --> us-central1-api
[debug] [2024-11-19T13:37:33.204Z] [functions] Runtime ready! Sending request! {"metadata":{"emulator":{"name":"functions"},"message":"[functions] Runtime ready! Sending request!"}}
[debug] [2024-11-19T13:37:33.206Z] [functions] Got req.url=/ae-clone-6be8c/us-central1/api/payment/create?total=17300, mapping to path=/payment/create?total=17300 {"metadata":{"emulator":{"name":"functions"},"message":"[functions] Got req.url=/ae-clone-6be8c/us-central1/api/payment/create?total=17300, mapping to path=/payment/create?total=17300"}}
[info] i  functions: Loaded environment variables from .env. 
[debug] [2024-11-19T13:37:33.240Z] [worker-pool] addWorker(us-central1-api) {"metadata":{"emulator":{"name":"functions"},"message":"[worker-pool] addWorker(us-central1-api)"}}
[debug] [2024-11-19T13:37:33.279Z] [worker-pool] Adding worker with key us-central1-api, total=1 {"metadata":{"emulator":{"name":"functions"},"message":"[worker-pool] Adding worker with key us-central1-api, total=1"}}
[debug] [2024-11-19T13:37:38.793Z] [runtime-status] [6116] Resolved module firebase-admin {"declared":true,"installed":true,"version":"12.7.0","resolution":"C:\\Users\\USER\\Documents\\Amazone Projects\\Amazone-clone\\amzone-clone\\functions\\node_modules\\firebase-admin\\lib\\index.js"} {"metadata":{"emulator":{"name":"functions"},"function":{"name":"us-central1-api"},"extension":{},"message":"[runtime-status] [6116] Resolved module firebase-admin {\"declared\":true,\"installed\":true,\"version\":\"12.7.0\",\"resolution\":\"C:\\\\Users\\\\USER\\\\Documents\\\\Amazone Projects\\\\Amazone-clone\\\\amzone-clone\\\\functions\\\\node_modules\\\\firebase-admin\\\\lib\\\\index.js\"}"}}
[debug] [2024-11-19T13:37:38.796Z] [runtime-status] [6116] Resolved module firebase-functions {"declared":true,"installed":true,"version":"6.1.0","resolution":"C:\\Users\\USER\\Documents\\Amazone Projects\\Amazone-clone\\amzone-clone\\functions\\node_modules\\firebase-functions\\lib\\v2\\index.js"} {"metadata":{"emulator":{"name":"functions"},"function":{"name":"us-central1-api"},"extension":{},"message":"[runtime-status] [6116] Resolved module firebase-functions {\"declared\":true,\"installed\":true,\"version\":\"6.1.0\",\"resolution\":\"C:\\\\Users\\\\USER\\\\Documents\\\\Amazone Projects\\\\Amazone-clone\\\\amzone-clone\\\\functions\\\\node_modules\\\\firebase-functions\\\\lib\\\\v2\\\\index.js\"}"}}
[debug] [2024-11-19T13:37:38.797Z] [runtime-status] [6116] Outgoing network have been stubbed. [{"name":"http","status":"mocked"},{"name":"http","status":"mocked"},{"name":"https","status":"mocked"},{"name":"https","status":"mocked"},{"name":"net","status":"mocked"}] {"metadata":{"emulator":{"name":"functions"},"function":{"name":"us-central1-api"},"extension":{},"message":"[runtime-status] [6116] Outgoing network have been stubbed. [{\"name\":\"http\",\"status\":\"mocked\"},{\"name\":\"http\",\"status\":\"mocked\"},{\"name\":\"https\",\"status\":\"mocked\"},{\"name\":\"https\",\"status\":\"mocked\"},{\"name\":\"net\",\"status\":\"mocked\"}]"}}
[debug] [2024-11-19T13:37:38.800Z] [runtime-status] [6116] Resolved module firebase-functions {"declared":true,"installed":true,"version":"6.1.0","resolution":"C:\\Users\\USER\\Documents\\Amazone Projects\\Amazone-clone\\amzone-clone\\functions\\node_modules\\firebase-functions\\lib\\v2\\index.js"} {"metadata":{"emulator":{"name":"functions"},"function":{"name":"us-central1-api"},"extension":{},"message":"[runtime-status] [6116] Resolved module firebase-functions {\"declared\":true,\"installed\":true,\"version\":\"6.1.0\",\"resolution\":\"C:\\\\Users\\\\USER\\\\Documents\\\\Amazone Projects\\\\Amazone-clone\\\\amzone-clone\\\\functions\\\\node_modules\\\\firebase-functions\\\\lib\\\\v2\\\\index.js\"}"}}
[debug] [2024-11-19T13:37:40.001Z] [runtime-status] [6116] Checked functions.config() {"config":{}} {"metadata":{"emulator":{"name":"functions"},"function":{"name":"us-central1-api"},"extension":{},"message":"[runtime-status] [6116] Checked functions.config() {\"config\":{}}"}}
[debug] [2024-11-19T13:37:40.002Z] [runtime-status] [6116] firebase-functions has been stubbed. {"functionsResolution":{"declared":true,"installed":true,"version":"6.1.0","resolution":"C:\\Users\\USER\\Documents\\Amazone Projects\\Amazone-clone\\amzone-clone\\functions\\node_modules\\firebase-functions\\lib\\v2\\index.js"}} {"metadata":{"emulator":{"name":"functions"},"function":{"name":"us-central1-api"},"extension":{},"message":"[runtime-status] [6116] firebase-functions has been stubbed. {\"functionsResolution\":{\"declared\":true,\"installed\":true,\"version\":\"6.1.0\",\"resolution\":\"C:\\\\Users\\\\USER\\\\Documents\\\\Amazone Projects\\\\Amazone-clone\\\\amzone-clone\\\\functions\\\\node_modules\\\\firebase-functions\\\\lib\\\\v2\\\\index.js\"}}"}}
[debug] [2024-11-19T13:37:40.007Z] [runtime-status] [6116] Resolved module firebase-functions {"declared":true,"installed":true,"version":"6.1.0","resolution":"C:\\Users\\USER\\Documents\\Amazone Projects\\Amazone-clone\\amzone-clone\\functions\\node_modules\\firebase-functions\\lib\\v2\\index.js"} {"metadata":{"emulator":{"name":"functions"},"function":{"name":"us-central1-api"},"extension":{},"message":"[runtime-status] [6116] Resolved module firebase-functions {\"declared\":true,\"installed\":true,\"version\":\"6.1.0\",\"resolution\":\"C:\\\\Users\\\\USER\\\\Documents\\\\Amazone Projects\\\\Amazone-clone\\\\amzone-clone\\\\functions\\\\node_modules\\\\firebase-functions\\\\lib\\\\v2\\\\index.js\"}"}}
[debug] [2024-11-19T13:37:40.028Z] [runtime-status] [6116] Resolved module firebase-admin {"declared":true,"installed":true,"version":"12.7.0","resolution":"C:\\Users\\USER\\Documents\\Amazone Projects\\Amazone-clone\\amzone-clone\\functions\\node_modules\\firebase-admin\\lib\\index.js"} {"metadata":{"emulator":{"name":"functions"},"function":{"name":"us-central1-api"},"extension":{},"message":"[runtime-status] [6116] Resolved module firebase-admin {\"declared\":true,\"installed\":true,\"version\":\"12.7.0\",\"resolution\":\"C:\\\\Users\\\\USER\\\\Documents\\\\Amazone Projects\\\\Amazone-clone\\\\amzone-clone\\\\functions\\\\node_modules\\\\firebase-admin\\\\lib\\\\index.js\"}"}}
[debug] [2024-11-19T13:37:40.040Z] [runtime-status] [6116] Resolved module firebase-functions {"declared":true,"installed":true,"version":"6.1.0","resolution":"C:\\Users\\USER\\Documents\\Amazone Projects\\Amazone-clone\\amzone-clone\\functions\\node_modules\\firebase-functions\\lib\\v2\\index.js"} {"metadata":{"emulator":{"name":"functions"},"function":{"name":"us-central1-api"},"extension":{},"message":"[runtime-status] [6116] Resolved module firebase-functions {\"declared\":true,\"installed\":true,\"version\":\"6.1.0\",\"resolution\":\"C:\\\\Users\\\\USER\\\\Documents\\\\Amazone Projects\\\\Amazone-clone\\\\amzone-clone\\\\functions\\\\node_modules\\\\firebase-functions\\\\lib\\\\v2\\\\index.js\"}"}}
[debug] [2024-11-19T13:37:40.042Z] [runtime-status] [6116] firebase-admin has been stubbed. {"adminResolution":{"declared":true,"installed":true,"version":"12.7.0","resolution":"C:\\Users\\USER\\Documents\\Amazone Projects\\Amazone-clone\\amzone-clone\\functions\\node_modules\\firebase-admin\\lib\\index.js"}} {"metadata":{"emulator":{"name":"functions"},"function":{"name":"us-central1-api"},"extension":{},"message":"[runtime-status] [6116] firebase-admin has been stubbed. {\"adminResolution\":{\"declared\":true,\"installed\":true,\"version\":\"12.7.0\",\"resolution\":\"C:\\\\Users\\\\USER\\\\Documents\\\\Amazone Projects\\\\Amazone-clone\\\\amzone-clone\\\\functions\\\\node_modules\\\\firebase-admin\\\\lib\\\\index.js\"}}"}}
[debug] [2024-11-19T13:37:40.663Z] [runtime-status] [6116] Functions runtime initialized. {"cwd":"C:\\Users\\USER\\Documents\\Amazone Projects\\Amazone-clone\\amzone-clone\\functions","node_version":"20.18.0"} {"metadata":{"emulator":{"name":"functions"},"function":{"name":"us-central1-api"},"extension":{},"message":"[runtime-status] [6116] Functions runtime initialized. {\"cwd\":\"C:\\\\Users\\\\USER\\\\Documents\\\\Amazone Projects\\\\Amazone-clone\\\\amzone-clone\\\\functions\",\"node_version\":\"20.18.0\"}"}}
[debug] [2024-11-19T13:37:40.666Z] [runtime-status] [6116] Listening to port: \\?\pipe\fire_emu_5a181c8d22a3c9d9 {"metadata":{"emulator":{"name":"functions"},"function":{"name":"us-central1-api"},"extension":{},"message":"[runtime-status] [6116] Listening to port: \\\\?\\pipe\\fire_emu_5a181c8d22a3c9d9"}}
[debug] [2024-11-19T13:37:40.732Z] [worker-us-central1-api-3ea4a04c-193e-4172-af46-a302d8de3924]: IDLE {"metadata":{"emulator":{"name":"functions"},"function":{"name":"us-central1-api"},"extension":{},"message":"[worker-us-central1-api-3ea4a04c-193e-4172-af46-a302d8de3924]: IDLE"}}
[debug] [2024-11-19T13:37:40.733Z] [worker-pool] submitRequest(triggerId=us-central1-api) {"metadata":{"emulator":{"name":"functions"},"message":"[worker-pool] submitRequest(triggerId=us-central1-api)"}}
[info] i  functions: Beginning execution of "us-central1-api" {"metadata":{"emulator":{"name":"functions"},"function":{"name":"us-central1-api"},"extension":{},"message":"Beginning execution of \"us-central1-api\""}}
[debug] [2024-11-19T13:37:40.736Z] [worker-us-central1-api-3ea4a04c-193e-4172-af46-a302d8de3924]: BUSY {"metadata":{"emulator":{"name":"functions"},"function":{"name":"us-central1-api"},"extension":{},"message":"[worker-us-central1-api-3ea4a04c-193e-4172-af46-a302d8de3924]: BUSY"}}
[debug] [2024-11-19T13:37:43.116Z] Finishing up request with event=pause {"metadata":{"emulator":{"name":"functions"},"function":{"name":"us-central1-api"},"extension":{},"message":"Finishing up request with event=pause"}}
[info] i  functions: Finished "us-central1-api" in 2384.2253ms {"metadata":{"emulator":{"name":"functions"},"function":{"name":"us-central1-api"},"extension":{},"message":"Finished \"us-central1-api\" in 2384.2253ms"}}
[debug] [2024-11-19T13:37:43.132Z] [worker-us-central1-api-3ea4a04c-193e-4172-af46-a302d8de3924]: IDLE {"metadata":{"emulator":{"name":"functions"},"function":{"name":"us-central1-api"},"extension":{},"message":"[worker-us-central1-api-3ea4a04c-193e-4172-af46-a302d8de3924]: IDLE"}}
[debug] [2024-11-19T13:37:43.134Z] Finishing up request with event=finish {"metadata":{"emulator":{"name":"functions"},"function":{"name":"us-central1-api"},"extension":{},"message":"Finishing up request with event=finish"}}
[debug] [2024-11-19T13:37:43.137Z] Finishing up request with event=close {"metadata":{"emulator":{"name":"functions"},"function":{"name":"us-central1-api"},"extension":{},"message":"Finishing up request with event=close"}}
[debug] [2024-11-19T13:37:43.138Z] [work-queue] {"queuedWork":[],"queueLength":0,"runningWork":[],"workRunningCount":0}
[debug] [2024-11-19T14:03:55.376Z] Received signal SIGHUP 1
